Installing 1 packages: ragg

  There is a binary version available but the source version is later:
     binary source needs_compilation
ragg  1.1.1  1.1.2              TRUE

Do you want to install from sources the package which needs compilation? (Yes/no/cancel) Yes
installing the source package ‘ragg’

trying URL 'https://cran.rstudio.com/src/contrib/ragg_1.1.2.tar.gz'
Content type 'application/x-gzip' length 419813 bytes (409 KB)
==================================================
downloaded 409 KB

* installing *source* package ‘ragg’ ...
** package ‘ragg’ successfully unpacked and MD5 sums checked
** using staged installation
Homebrew 3.0.7
Homebrew/homebrew-core (git revision c08385b623; last commit 2021-03-19)
Using PKG_CFLAGS=-I/usr/local/include -I/usr/local/include/freetype2
Using PKG_LIBS=-L/usr/local/lib -lfreetype -lpng16 -ltiff -lz -ljpeg -lbz2
** libs
clang++ -mmacosx-version-min=10.13 -std=gnu++11 -I"/Library/Frameworks/R.framework/Resources/include" -DNDEBUG  -I'/Library/Frameworks/R.framework/Versions/4.0/Resources/library/systemfonts/include' -I'/Library/Frameworks/R.framework/Versions/4.0/Resources/library/textshaping/include' -I/usr/local/opt/gettext/include -I/usr/local/opt/llvm/include -I/Library/Developer/CommandLineTools/SDKs/MacOSX.sdk/usr/include  -I./agg/include -I/usr/local/include -I/usr/local/include/freetype2 -fPIC  -Wall -g -O2  -c capture_dev.cpp -o capture_dev.o
In file included from capture_dev.cpp:1:
In file included from ./ragg.h:7:
In file included from /Applications/Xcode.app/Contents/Developer/Toolchains/XcodeDefault.xctoolchain/usr/bin/../include/c++/v1/unordered_map:409:
In file included from /Applications/Xcode.app/Contents/Developer/Toolchains/XcodeDefault.xctoolchain/usr/bin/../include/c++/v1/__hash_table:18:
/Applications/Xcode.app/Contents/Developer/Toolchains/XcodeDefault.xctoolchain/usr/bin/../include/c++/v1/cmath:317:9: error: no member named 'signbit' in the global namespace
using ::signbit;
      ~~^
/Applications/Xcode.app/Contents/Developer/Toolchains/XcodeDefault.xctoolchain/usr/bin/../include/c++/v1/cmath:318:9: error: no member named 'fpclassify' in the global namespace
using ::fpclassify;
      ~~^
/Applications/Xcode.app/Contents/Developer/Toolchains/XcodeDefault.xctoolchain/usr/bin/../include/c++/v1/cmath:319:9: error: no member named 'isfinite' in the global namespace; did you mean 'finite'?
using ::isfinite;
      ~~^
/Library/Developer/CommandLineTools/SDKs/MacOSX.sdk/usr/include/math.h:752:12: note: 'finite' declared here
extern int finite(double)
           ^
In file included from capture_dev.cpp:1:
In file included from ./ragg.h:7:
In file included from /Applications/Xcode.app/Contents/Developer/Toolchains/XcodeDefault.xctoolchain/usr/bin/../include/c++/v1/unordered_map:409:
In file included from /Applications/Xcode.app/Contents/Developer/Toolchains/XcodeDefault.xctoolchain/usr/bin/../include/c++/v1/__hash_table:18:
/Applications/Xcode.app/Contents/Developer/Toolchains/XcodeDefault.xctoolchain/usr/bin/../include/c++/v1/cmath:320:9: error: no member named 'isinf' in the global namespace
using ::isinf;
      ~~^
/Applications/Xcode.app/Contents/Developer/Toolchains/XcodeDefault.xctoolchain/usr/bin/../include/c++/v1/cmath:321:9: error: no member named 'isnan' in the global namespace
using ::isnan;
      ~~^
/Applications/Xcode.app/Contents/Developer/Toolchains/XcodeDefault.xctoolchain/usr/bin/../include/c++/v1/cmath:322:9: error: no member named 'isnormal' in the global namespace
using ::isnormal;
      ~~^
/Applications/Xcode.app/Contents/Developer/Toolchains/XcodeDefault.xctoolchain/usr/bin/../include/c++/v1/cmath:323:7: error: no member named 'isgreater' in the global namespace; did you mean '::std::greater'?
using ::isgreater;
      ^~
/Applications/Xcode.app/Contents/Developer/Toolchains/XcodeDefault.xctoolchain/usr/bin/../include/c++/v1/functional:738:29: note: '::std::greater' declared here
struct _LIBCPP_TEMPLATE_VIS greater : binary_function<_Tp, _Tp, bool>
                            ^
In file included from capture_dev.cpp:1:
In file included from ./ragg.h:7:
In file included from /Applications/Xcode.app/Contents/Developer/Toolchains/XcodeDefault.xctoolchain/usr/bin/../include/c++/v1/unordered_map:409:
In file included from /Applications/Xcode.app/Contents/Developer/Toolchains/XcodeDefault.xctoolchain/usr/bin/../include/c++/v1/__hash_table:18:
/Applications/Xcode.app/Contents/Developer/Toolchains/XcodeDefault.xctoolchain/usr/bin/../include/c++/v1/cmath:324:7: error: no member named 'isgreaterequal' in the global namespace; did you mean '::std::greater_equal'?
using ::isgreaterequal;
      ^~
/Applications/Xcode.app/Contents/Developer/Toolchains/XcodeDefault.xctoolchain/usr/bin/../include/c++/v1/functional:767:29: note: '::std::greater_equal' declared here
struct _LIBCPP_TEMPLATE_VIS greater_equal : binary_function<_Tp, _Tp, bool>
                            ^
In file included from capture_dev.cpp:1:
In file included from ./ragg.h:7:
In file included from /Applications/Xcode.app/Contents/Developer/Toolchains/XcodeDefault.xctoolchain/usr/bin/../include/c++/v1/unordered_map:409:
In file included from /Applications/Xcode.app/Contents/Developer/Toolchains/XcodeDefault.xctoolchain/usr/bin/../include/c++/v1/__hash_table:18:
/Applications/Xcode.app/Contents/Developer/Toolchains/XcodeDefault.xctoolchain/usr/bin/../include/c++/v1/cmath:325:9: error: no member named 'isless' in the global namespace
using ::isless;
      ~~^
/Applications/Xcode.app/Contents/Developer/Toolchains/XcodeDefault.xctoolchain/usr/bin/../include/c++/v1/cmath:326:9: error: no member named 'islessequal' in the global namespace
using ::islessequal;
      ~~^
/Applications/Xcode.app/Contents/Developer/Toolchains/XcodeDefault.xctoolchain/usr/bin/../include/c++/v1/cmath:327:9: error: no member named 'islessgreater' in the global namespace
using ::islessgreater;
      ~~^
/Applications/Xcode.app/Contents/Developer/Toolchains/XcodeDefault.xctoolchain/usr/bin/../include/c++/v1/cmath:328:9: error: no member named 'isunordered' in the global namespace
using ::isunordered;
      ~~^
/Applications/Xcode.app/Contents/Developer/Toolchains/XcodeDefault.xctoolchain/usr/bin/../include/c++/v1/cmath:329:9: error: no member named 'isunordered' in the global namespace
using ::isunordered;
      ~~^
13 errors generated.
make: *** [capture_dev.o] Error 1
ERROR: compilation failed for package ‘ragg’
* removing ‘/Library/Frameworks/R.framework/Versions/4.0/Resources/library/ragg’
* restoring previous ‘/Library/Frameworks/R.framework/Versions/4.0/Resources/library/ragg’
Error: Failed to install 'ggfx' from GitHub:
  (converted from warning) installation of package ‘ragg’ had non-zero exit status
